c:\users\asuna\downloads\medicalrecordsystem\medicalrecordsystem\debug\vc140.pdb
c:\users\asuna\downloads\medicalrecordsystem\medicalrecordsystem\debug\.netframework,version=v4.5.2.assemblyattributes.obj
c:\users\asuna\downloads\medicalrecordsystem\medicalrecordsystem\debug\.netframework,version=v4.5.2.assemblyattributes.asm
c:\users\asuna\downloads\medicalrecordsystem\medicalrecordsystem\debug\myform.obj
c:\users\asuna\desktop\medicalrecordsystem\debug\medicalrecordsystem.exe
c:\users\asuna\desktop\medicalrecordsystem\debug\medicalrecordsystem.pdb
c:\users\asuna\downloads\medicalrecordsystem\debug\medicalrecordsystem.exe
c:\users\asuna\downloads\medicalrecordsystem\debug\medicalrecordsystem.pdb
c:\users\asuna\desktop\medicalrecordsystem\medicalrecordsystem\debug\medicalrecordsystem.myform.resources
c:\users\asuna\downloads\medicalrecordsystem\medicalrecordsystem\debug\medicalrecordsystem.myform.resources
c:\users\asuna\desktop\github_file\simple_medicalrecordsystem\medicalrecordsystem\medicalrecordsystem\debug\medicalrecordsystem.vcxproj.generateresource.cache
c:\users\asuna\desktop\github_file\simple_medicalrecordsystem\medicalrecordsystem\medicalrecordsystem\debug\medicalrecordsystem.vcxprojresolveassemblyreference.cache
c:\users\asuna\desktop\github_file\simple_medicalrecordsystem\medicalrecordsystem\medicalrecordsystem\debug\medicalrecordsystem.myform.resources
c:\users\asuna\desktop\github_file\simple_medicalrecordsystem\medicalrecordsystem\medicalrecordsystem\debug\vc140.pdb
c:\users\asuna\desktop\github_file\simple_medicalrecordsystem\medicalrecordsystem\debug\medicalrecordsystem.pdb
c:\users\asuna\desktop\github_file\simple_medicalrecordsystem\medicalrecordsystem\medicalrecordsystem\debug\medicalr.93e1ad47.tlog\cl.command.1.tlog
c:\users\asuna\desktop\github_file\simple_medicalrecordsystem\medicalrecordsystem\medicalrecordsystem\debug\medicalr.93e1ad47.tlog\cl.read.1.tlog
c:\users\asuna\desktop\github_file\simple_medicalrecordsystem\medicalrecordsystem\medicalrecordsystem\debug\medicalr.93e1ad47.tlog\cl.write.1.tlog
c:\users\asuna\desktop\github_file\simple_medicalrecordsystem\medicalrecordsystem\medicalrecordsystem\debug\medicalr.93e1ad47.tlog\link.command.1.tlog
c:\users\asuna\desktop\github_file\simple_medicalrecordsystem\medicalrecordsystem\medicalrecordsystem\debug\medicalr.93e1ad47.tlog\link.read.1.tlog
c:\users\asuna\desktop\github_file\simple_medicalrecordsystem\medicalrecordsystem\medicalrecordsystem\debug\medicalr.93e1ad47.tlog\link.write.1.tlog
c:\users\asuna\desktop\github_file\simple_medicalrecordsystem\medicalrecordsystem\medicalrecordsystem\debug\medicalr.93e1ad47.tlog\medicalrecordsystem.write.1u.tlog
c:\users\asuna\desktop\github_file\simple_medicalrecordsystem\medicalrecordsystem\medicalrecordsystem\debug\medicalr.93e1ad47.tlog\metagen.read.1.tlog
c:\users\asuna\desktop\github_file\simple_medicalrecordsystem\medicalrecordsystem\medicalrecordsystem\debug\medicalr.93e1ad47.tlog\metagen.write.1.tlog
c:\users\asuna\desktop\github_file\simple_medicalrecordsystem\medicalrecordsystem\medicalrecordsystem\debug\medicalr.93e1ad47.tlog\tzres.dll.bi
